<?xml version="1.0" encoding="UTF-8"?>
<!-- Generated by org.testng.reporters.JUnitReportReporter -->
<testsuite hostname="Khadija" failures="0" tests="3" name="alerts.AlertTests" time="3.486" errors="0" timestamp="2025-08-29T16:07:35 PKT" skipped="0">
  <testcase classname="alerts.AlertTests" name="testGetTextFromAlert" time="1.413"/>
  <testcase classname="alerts.AlertTests" name="testInputAnAlert" time="0.976"/>
  <testcase classname="alerts.AlertTests" name="testAcceptAlert" time="1.097"/>
</testsuite> <!-- alerts.AlertTests -->
