<?xml version="1.0" encoding="UTF-8"?>
<!-- Generated by org.testng.reporters.JUnitReportReporter -->
<testsuite hostname="Khadija" failures="0" tests="1" name="alerts.FileUploadTests" time="13.614" errors="0" timestamp="2025-08-29T16:07:35 PKT" skipped="0">
  <testcase classname="alerts.FileUploadTests" name="testFileUpload" time="13.614"/>
</testsuite> <!-- alerts.FileUploadTests -->
